Wearable/build/outputs/mapping/release/seeds.txt
com.breatheplatform.beta.MainActivity
com.breatheplatform.beta.MainActivity: MainActivity()
com.breatheplatform.beta.MainActivity: void onReminderReceived(java.lang.String)
com.breatheplatform.beta.MainActivity: void onRiskReceived(int)
com.breatheplatform.beta.MainActivity: void onSubjectReceived(java.lang.String)
com.breatheplatform.beta.MainActivity: void onMultiReceived(java.lang.Boolean)
com.breatheplatform.beta.MainActivity: void onFinishActivity(android.view.View)
com.breatheplatform.beta.MainActivity$$Delivery
com.breatheplatform.beta.MainActivity$$Delivery: android.content.Context context
com.breatheplatform.beta.MainActivity$$Delivery: android.os.Handler handler
com.breatheplatform.beta.MainActivity$$Delivery: java.util.Map messageListeners
com.breatheplatform.beta.MainActivity$$Delivery: MainActivity$$Delivery()
com.breatheplatform.beta.MainActivity$$Delivery: void startReceiving(android.content.Context,com.breatheplatform.beta.MainActivity)
com.breatheplatform.beta.MainActivity$$Delivery: void stopReceiving(com.breatheplatform.beta.MainActivity)
com.breatheplatform.beta.MainActivity$$Delivery: void initMessageListener(com.breatheplatform.beta.MainActivity)
com.breatheplatform.beta.MainActivity$$Delivery: void deliverMessage(com.breatheplatform.beta.MainActivity,com.google.android.gms.wearable.MessageEvent)
com.breatheplatform.beta.MainActivity$$Delivery: void stopReceiving(java.lang.Object)
com.breatheplatform.beta.MainActivity$$Delivery: void startReceiving(android.content.Context,java.lang.Object)
com.breatheplatform.beta.MainActivity$$Delivery: void access$000(com.breatheplatform.beta.MainActivity$$Delivery,com.breatheplatform.beta.MainActivity,com.google.android.gms.wearable.MessageEvent)
com.breatheplatform.beta.R$anim: int abc_fade_in
com.breatheplatform.beta.R$anim: int abc_fade_out
com.breatheplatform.beta.R$anim: int abc_grow_fade_in_from_bottom
com.breatheplatform.beta.R$anim: int abc_popup_enter
com.breatheplatform.beta.R$anim: int abc_popup_exit
com.breatheplatform.beta.R$anim: int abc_shrink_fade_out_from_bottom
com.breatheplatform.beta.R$anim: int abc_slide_in_bottom
com.breatheplatform.beta.R$anim: int abc_slide_in_top
com.breatheplatform.beta.R$anim: int abc_slide_out_bottom
com.breatheplatform.beta.R$anim: int abc_slide_out_top
com.breatheplatform.beta.R$anim: int generic_confirmation_generic_confirmation_animation
com.breatheplatform.beta.R$anim: int generic_confirmation_icon_animation
com.breatheplatform.beta.R$anim: int open_on_phone_arrow_animation
com.breatheplatform.beta.R$anim: int open_on_phone_path_1_animation
com.breatheplatform.beta.R$anim: int open_on_phone_path_2_animation
com.breatheplatform.beta.R$animator: int circular_image_button_anim
com.breatheplatform.beta.R$array: int progress_spinner_sequence
...
com.google.android.gms.gcm.PendingCallback
com.google.android.gms.gcm.PendingCallback: android.os.Parcelable$Creator CREATOR
com.google.android.gms.gcm.PeriodicTask
com.google.android.gms.gcm.PeriodicTask: android.os.Parcelable$Creator CREATOR
com.google.android.gms.gcm.R$attr: int adSize
com.google.android.gms.gcm.R$attr: int adSizes
com.google.android.gms.gcm.R$attr: int adUnitId
com.google.android.gms.gcm.R$attr: int ambientEnabled
com.google.android.gms.gcm.R$attr: int appTheme
com.google.android.gms.gcm.R$attr: int buttonSize
com.google.android.gms.gcm.R$attr: int buyButtonAppearance
com.google.android.gms.gcm.R$attr: int buyButtonHeight
com.google.android.gms.gcm.R$attr: int buyButtonText
com.google.android.gms.gcm.R$attr: int buyButtonWidth
com.google.android.gms.gcm.R$attr: int cameraBearing
com.google.android.gms.gcm.R$attr: int cameraTargetLat
com.google.android.gms.gcm.R$attr: int cameraTargetLng
com.google.android.gms.gcm.R$attr: int cameraTilt
com.google.android.gms.gcm.R$attr: int cameraZoom
com.google.android.gms.gcm.R$attr: int circleCrop
com.google.android.gms.gcm.R$attr: int colorScheme
com.google.android.gms.gcm.R$attr: int environment
com.google.android.gms.gcm.R$attr: int fragmentMode
com.google.android.gms.gcm.R$attr: int fragmentStyle
com.google.android.gms.gcm.R$attr: int imageAspectRatio
com.google.android.gms.gcm.R$attr: int imageAspectRatioAdjust
com.google.android.gms.gcm.R$attr: int liteMode
com.google.android.gms.gcm.R$attr: int mapType
com.google.android.gms.gcm.R$attr: int maskedWalletDetailsBackground
com.google.android.gms.gcm.R$attr: int maskedWalletDetailsButtonBackground
com.google.android.gms.gcm.R$attr: int maskedWalletDetailsButtonTextAppearance
com.google.android.gms.gcm.R$color: int common_action_bar_splitter
com.google.android.gms.gcm.R$color: int common_google_signin_btn_text_dark
com.google.android.gms.gcm.R$color: int common_google_signin_btn_text_dark_default
com.google.android.gms.gcm.R$color: int common_google_signin_btn_text_dark_disabled
com.google.android.gms.gcm.R$color: int common_google_signin_btn_text_dark_focused
com.google.android.gms.gcm.R$color: int common_google_signin_btn_text_dark_pressed
com.google.android.gms.gcm.R$color: int common_google_signin_btn_text_light
com.google.android.gms.gcm.R$color: int common_google_signin_btn_text_light_default
com.google.android.gms.gcm.R$color: int common_google_signin_btn_text_light_disabled
com.google.android.gms.gcm.R$color: int common_google_signin_btn_text_light_focused
com.google.android.gms.gcm.R$color: int common_google_signin_btn_text_light_pressed
com.google.android.gms.gcm.R$color: int common_plus_signin_btn_text_dark
com.google.android.gms.gcm.R$color: int common_plus_signin_btn_text_dark_default
com.google.android.gms.gcm.R$color: int common_plus_signin_btn_text_dark_disabled
com.google.android.gms.gcm.R$color: int common_plus_signin_btn_text_dark_focused
com.google.android.gms.gcm.R$color: int common_plus_signin_btn_text_dark_pressed
com.google.android.gms.gcm.R$color: int common_plus_signin_btn_text_light
com.google.android.gms.gcm.R$color: int common_plus_signin_btn_text_light_default
com.google.android.gms.gcm.R$dimen: int place_autocomplete_button_padding
com.google.android.gms.gcm.R$dimen: int place_autocomplete_powered_by_google_height
com.google.android.gms.gcm.R$dimen: int place_autocomplete_powered_by_google_start
com.google.android.gms.gcm.R$dimen: int place_autocomplete_prediction_height
com.google.android.gms.gcm.R$dimen: int place_autocomplete_prediction_horizontal_margin
com.google.android.gms.gcm.R$dimen: int place_autocomplete_prediction_primary_text
com.google.android.gms.gcm.R$dimen: int place_autocomplete_prediction_secondary_text
com.google.android.gms.gcm.R$dimen: int place_autocomplete_progress_horizontal_margin
com.google.android.gms.gcm.R$dimen: int place_autocomplete_progress_size
com.google.android.gms.gcm.R$dimen: int place_autocomplete_separator_start