Wearable/build/outputs/mapping/release/mapping.txt
com.breatheplatform.beta.ClientPaths -> com.breatheplatform.beta.a:
    int batteryLevel -> a
    java.lang.Integer userAge -> b
    java.lang.Boolean dustConnected -> c
    java.lang.String activityDetail -> d
    android.location.Location currentLocation -> e
    android.content.Context mainContext -> f
    java.lang.String subject -> g
    void <clinit>() -> <clinit>
com.breatheplatform.beta.MainActivity -> com.breatheplatform.beta.MainActivity:
    java.text.SimpleDateFormat AMBIENT_DATE_FORMAT -> a
    int lastRiskValue -> b
    android.widget.ToggleButton spiroToggleButton -> c
    android.widget.RelativeLayout loadingPanel -> d
    android.widget.TextView lastSensorText -> e
    android.widget.TextView dateText -> f
    android.widget.TextView riskText -> g
    android.widget.TextView heartText -> h
    android.widget.TextView subjectText -> i
    android.widget.TextView breatheView -> j
    android.widget.ImageView smileView -> k
    android.widget.ImageView heartImage -> l
    android.widget.RelativeLayout mRectBackground -> m
    android.widget.RelativeLayout mRoundBackground -> n
    android.support.wearable.view.WatchViewStub stub -> o
    android.content.SharedPreferences prefs -> p
    com.breatheplatform.beta.bluetooth.BTSocket spiroConn -> q
    java.lang.Boolean sensorToggled -> r
    android.hardware.SensorManager mSensorManager -> s
    android.hardware.Sensor mSigMotionSensor -> t
    com.breatheplatform.beta.MainActivity$TriggerListener mListener -> u
    android.app.AlarmManager alarmManager -> v
    com.breatheplatform.beta.MainActivity$WearAlarmReceiver wearAlarmReceiver -> w
    android.content.IntentFilter startFilter -> x
    android.app.PendingIntent sensorPI -> y
    android.os.Handler taskHandler -> z
    java.lang.Runnable stopSensorTask -> A
    java.lang.Runnable triggerTask -> B
com.breatheplatform.beta.MainActivity$$Delivery -> com.breatheplatform.beta.MainActivity$$Delivery:
    android.content.Context context -> context
    android.os.Handler handler -> handler
    java.util.Map messageListeners -> messageListeners
    void <init>() -> <init>
    void startReceiving(android.content.Context,com.breatheplatform.beta.MainActivity) -> startReceiving
    void stopReceiving(com.breatheplatform.beta.MainActivity) -> stopReceiving
    void initMessageListener(com.breatheplatform.beta.MainActivity) -> initMessageListener
    void deliverMessage(com.breatheplatform.beta.MainActivity,com.google.android.gms.wearable.MessageEvent) -> deliverMessage
    void stopReceiving(java.lang.Object) -> stopReceiving
    void startReceiving(android.content.Context,java.lang.Object) -> startReceiving
    void access$000(com.breatheplatform.beta.MainActivity$$Delivery,com.breatheplatform.beta.MainActivity,com.google.android.gms.wearable.MessageEvent) -> access$000
com.breatheplatform.beta.MainActivity$$Delivery$1 -> com.breatheplatform.beta.b:
    com.breatheplatform.beta.MainActivity val$target -> a
    com.breatheplatform.beta.MainActivity$$Delivery this$0 -> b
    void <init>(com.breatheplatform.beta.MainActivity$$Delivery,com.breatheplatform.beta.MainActivity) -> <init>
    void onMessageReceived(com.google.android.gms.wearable.MessageEvent) -> a
com.breatheplatform.beta.MainActivity$$Delivery$2 -> com.breatheplatform.beta.c:
    com.google.android.gms.wearable.MessageApi$MessageListener val$ml -> a
    com.breatheplatform.beta.MainActivity$$Delivery this$0 -> b
    void <init>(com.breatheplatform.beta.MainActivity$$Delivery,com.google.android.gms.wearable.MessageApi$MessageListener) -> <init>
    void run(com.google.android.gms.common.api.GoogleApiClient) -> run
com.breatheplatform.beta.MainActivity$1 -> com.breatheplatform.beta.d:
    com.breatheplatform.beta.MainActivity this$0 -> a
    void <init>(com.breatheplatform.beta.MainActivity) -> <init>
    void onLayoutInflated(android.support.wearable.view.WatchViewStub) -> a
...
android.support.v4.view.MarginLayoutParamsCompatJellybeanMr1 -> android.support.v4.g.ak:
    int getMarginStart(android.view.ViewGroup$MarginLayoutParams) -> a
    int getMarginEnd(android.view.ViewGroup$MarginLayoutParams) -> b
android.support.v4.view.MenuItemCompat -> android.support.v4.g.al:
    android.support.v4.view.MenuItemCompat$MenuVersionImpl IMPL -> a
    void setShowAsAction(android.view.MenuItem,int) -> a
    android.view.MenuItem setActionView(android.view.MenuItem,android.view.View) -> a
    android.view.MenuItem setActionView(android.view.MenuItem,int) -> b
    android.view.MenuItem setActionProvider(android.view.MenuItem,android.support.v4.view.ActionProvider) -> a
    boolean expandActionView(android.view.MenuItem) -> a
    void <clinit>() -> <clinit>
android.support.v4.view.MenuItemCompat$BaseMenuVersionImpl -> android.support.v4.g.am:
    void <init>() -> <init>
    void setShowAsAction(android.view.MenuItem,int) -> a
    android.view.MenuItem setActionView(android.view.MenuItem,android.view.View) -> a
    android.view.MenuItem setActionView(android.view.MenuItem,int) -> b
    boolean expandActionView(android.view.MenuItem) -> a
android.support.v4.view.MenuItemCompat$HoneycombMenuVersionImpl -> android.support.v4.g.an:
    void <init>() -> <init>
    void setShowAsAction(android.view.MenuItem,int) -> a
    android.view.MenuItem setActionView(android.view.MenuItem,android.view.View) -> a
    android.view.MenuItem setActionView(android.view.MenuItem,int) -> b
    boolean expandActionView(android.view.MenuItem) -> a
android.support.v4.view.MenuItemCompat$IcsMenuVersionImpl -> android.support.v4.g.ao:
    void <init>() -> <init>
    boolean expandActionView(android.view.MenuItem) -> a
android.support.v4.view.MenuItemCompat$MenuVersionImpl -> android.support.v4.g.ap:
    void setShowAsAction(android.view.MenuItem,int) -> a
    android.view.MenuItem setActionView(android.view.MenuItem,android.view.View) -> a
    android.view.MenuItem setActionView(android.view.MenuItem,int) -> b
    boolean expandActionView(android.view.MenuItem) -> a
android.support.v4.view.MenuItemCompat$OnActionExpandListener -> android.support.v4.g.aq:
    boolean onMenuItemActionExpand(android.view.MenuItem) -> a
    boolean onMenuItemActionCollapse(android.view.MenuItem) -> b
android.support.v4.view.MenuItemCompatHoneycomb -> android.support.v4.g.ar:
    void setShowAsAction(android.view.MenuItem,int) -> a
    android.view.MenuItem setActionView(android.view.MenuItem,android.view.View) -> a
    android.view.MenuItem setActionView(android.view.MenuItem,int) -> b
android.support.v4.view.MenuItemCompatIcs -> android.support.v4.g.as:
    boolean expandActionView(android.view.MenuItem) -> a
android.support.v4.view.MotionEventCompat -> android.support.v4.g.at:
    android.support.v4.view.MotionEventCompat$MotionEventVersionImpl IMPL -> a
    int getActionMasked(android.view.MotionEvent) -> a
    int getActionIndex(android.view.MotionEvent) -> b
    int findPointerIndex(android.view.MotionEvent,int) -> a
    int getPointerId(android.view.MotionEvent,int) -> b
    float getX(android.view.MotionEvent,int) -> c
    float getY(android.view.MotionEvent,int) -> d
    int getSource(android.view.MotionEvent) -> c
    float getAxisValue(android.view.MotionEvent,int) -> e
    void <clinit>() -> <clinit>
android.support.v4.view.MotionEventCompat$BaseMotionEventVersionImpl -> android.support.v4.g.au:
    void <init>() -> <init>
    int findPointerIndex(android.view.MotionEvent,int) -> a
    int getPointerId(android.view.MotionEvent,int) -> b
    float getX(android.view.MotionEvent,int) -> c
    float getY(android.view.MotionEvent,int) -> d
    int getSource(android.view.MotionEvent) -> a
    float getAxisValue(android.view.MotionEvent,int) -> e