Wearable/build/outputs/mapping/release/usage.txt
com.breatheplatform.beta.BuildConfig
com.breatheplatform.beta.ClientPaths:
    private static final java.lang.String TAG
    public static final int HEART_SENSOR_ID
    public static final int SS_HEART_SENSOR_ID
    12:12:public ClientPaths()
com.breatheplatform.beta.MainActivity:
    private static final java.lang.String TAG
    private static final int RISK_TASK_PERIOD
    private static final int LOW_RISK
    private static final int MED_RISK
    private static final int HIGH_RISK
    private static final int AMBIENT_SENSOR_PERIOD
    193:211:private android.app.Notification buildQuestionReminder(long)
    370:376:private void scheduleRepeatedSensors(java.lang.Integer)
    898:900:private void scheduleStopSensor(java.lang.Integer,java.lang.Integer)
    903:913:private void printAvailableSensors()
com.breatheplatform.beta.R
com.breatheplatform.beta.R$anim
com.breatheplatform.beta.R$animator
com.breatheplatform.beta.R$array
com.breatheplatform.beta.R$attr
com.breatheplatform.beta.R$bool
com.breatheplatform.beta.R$color
com.breatheplatform.beta.R$dimen
com.breatheplatform.beta.R$drawable
com.breatheplatform.beta.R$id
com.breatheplatform.beta.R$integer
com.breatheplatform.beta.R$interpolator
com.breatheplatform.beta.R$layout
com.breatheplatform.beta.R$raw
com.breatheplatform.beta.R$string
com.breatheplatform.beta.R$style
com.breatheplatform.beta.R$styleable
com.breatheplatform.beta.R$xml
com.breatheplatform.beta.activity.ActivityDetectionService:
    protected static final java.lang.String TAG
com.breatheplatform.beta.bluetooth.BTSocket:
    private static final java.lang.String TAG
com.breatheplatform.beta.bluetooth.BluetoothConnection
com.breatheplatform.beta.bluetooth.BluetoothHelper:
    22:27:public static java.lang.String getDeviceInfoText(android.bluetooth.BluetoothDevice,int,byte[])
    31:53:private static java.lang.String parseScanRecord(byte[])
com.breatheplatform.beta.bluetooth.HexAsciiHelper:
    6:6:public HexAsciiHelper()
    18:18:public static java.lang.String bytesToHex(byte[])
    22:31:public static java.lang.String bytesToHex(byte[],int,int)
com.breatheplatform.beta.bluetooth.RFduinoService:
    public static final java.lang.String ACTION_CONNECTED
    public static final java.lang.String ACTION_DISCONNECTED
    public static final java.lang.String ACTION_DATA_AVAILABLE
    public static final java.lang.String EXTRA_DATA
    248:253:public void disconnect()
    268:277:public void read()
    281:297:public boolean send(byte[])
com.breatheplatform.beta.data.BatteryReceiver
com.breatheplatform.beta.data.SensorAddService:
    private static final java.lang.String TAG
    31:34:private static android.util.SparseLongArray initLastData()
com.breatheplatform.beta.data.TestData:
    public java.lang.String device_id
    34:34:public float getPef()
com.breatheplatform.beta.messaging.SensorAlarm
com.breatheplatform.beta.sensors.SensorService:
    private static final java.lang.String TAG
    private static final int SENS_LINEAR_ACCELERATION
    private static final int SENS_HEARTRATE
    private static final int SENS_GYRO
    private static final int MAX_DELAY
    private static final int FIXED_SENSOR_RATE
    private static final int DATA_PER_ENERGY
    private static final int PTS_PER_DATA
    private static final int ENERGY_LIMIT
    private static final int REQUEST_ENABLE_BT
    private static final int STATE_BLUETOOTH_OFF
    private static final int STATE_DISCONNECTED
    private static final int STATE_CONNECTING
    private static final int STATE_CONNECTED
    431:432:private android.app.PendingIntent getActivityDetectionPendingIntent()
com.breatheplatform.beta.shared.BuildConfig
...
android.support.v7.media.MediaRouteProvider$Callback
android.support.v7.media.MediaRouteProvider$ProviderHandler
android.support.v7.media.MediaRouteProvider$ProviderMetadata
android.support.v7.media.MediaRouteProvider$RouteController
android.support.v7.media.MediaRouteProviderDescriptor
android.support.v7.media.MediaRouteProviderDescriptor$1
android.support.v7.media.MediaRouteProviderDescriptor$Builder
android.support.v7.media.MediaRouteProviderProtocol
android.support.v7.media.MediaRouteProviderService
android.support.v7.media.MediaRouteProviderService$1
android.support.v7.media.MediaRouteProviderService$ClientRecord
android.support.v7.media.MediaRouteProviderService$PrivateHandler
android.support.v7.media.MediaRouteProviderService$ProviderCallback
android.support.v7.media.MediaRouteProviderService$ReceiveHandler
android.support.v7.media.MediaRouteSelector
android.support.v7.media.MediaRouteSelector$1
android.support.v7.media.MediaRouteSelector$Builder
android.support.v7.media.MediaRouter
android.support.v7.media.MediaRouter$1
android.support.v7.media.MediaRouter$Callback
android.support.v7.media.MediaRouter$CallbackRecord
android.support.v7.media.MediaRouter$ControlRequestCallback
android.support.v7.media.MediaRouter$GlobalMediaRouter
android.support.v7.media.MediaRouter$GlobalMediaRouter$1
android.support.v7.media.MediaRouter$GlobalMediaRouter$CallbackHandler
android.support.v7.media.MediaRouter$GlobalMediaRouter$MediaSessionRecord
android.support.v7.media.MediaRouter$GlobalMediaRouter$MediaSessionRecord$1
android.support.v7.media.MediaRouter$GlobalMediaRouter$MediaSessionRecord$1$1
android.support.v7.media.MediaRouter$GlobalMediaRouter$MediaSessionRecord$1$2
android.support.v7.media.MediaRouter$GlobalMediaRouter$ProviderCallback
android.support.v7.media.MediaRouter$GlobalMediaRouter$RemoteControlClientRecord
android.support.v7.media.MediaRouter$ProviderInfo
android.support.v7.media.MediaRouter$RouteInfo
android.support.v7.media.MediaRouterJellybean
android.support.v7.media.MediaRouterJellybean$Callback
android.support.v7.media.MediaRouterJellybean$CallbackProxy
android.support.v7.media.MediaRouterJellybean$GetDefaultRouteWorkaround
android.support.v7.media.MediaRouterJellybean$RouteCategory
android.support.v7.media.MediaRouterJellybean$RouteGroup
android.support.v7.media.MediaRouterJellybean$RouteInfo
android.support.v7.media.MediaRouterJellybean$SelectRouteWorkaround
android.support.v7.media.MediaRouterJellybean$UserRouteInfo
android.support.v7.media.MediaRouterJellybean$VolumeCallback
android.support.v7.media.MediaRouterJellybean$VolumeCallbackProxy
android.support.v7.media.MediaRouterJellybeanMr1
android.support.v7.media.MediaRouterJellybeanMr1$ActiveScanWorkaround
android.support.v7.media.MediaRouterJellybeanMr1$Callback
android.support.v7.media.MediaRouterJellybeanMr1$CallbackProxy
android.support.v7.media.MediaRouterJellybeanMr1$IsConnectingWorkaround
android.support.v7.media.MediaRouterJellybeanMr1$RouteInfo
android.support.v7.media.MediaRouterJellybeanMr2
android.support.v7.media.MediaRouterJellybeanMr2$RouteInfo
android.support.v7.media.MediaRouterJellybeanMr2$UserRouteInfo
android.support.v7.media.MediaSessionStatus
android.support.v7.media.MediaSessionStatus$1
android.support.v7.media.MediaSessionStatus$Builder
android.support.v7.media.RegisteredMediaRouteProvider
android.support.v7.media.RegisteredMediaRouteProvider$1
android.support.v7.media.RegisteredMediaRouteProvider$Connection
android.support.v7.media.RegisteredMediaRouteProvider$Connection$1
android.support.v7.media.RegisteredMediaRouteProvider$Connection$2
android.support.v7.media.RegisteredMediaRouteProvider$Controller
android.support.v7.media.RegisteredMediaRouteProvider$PrivateHandler
android.support.v7.media.RegisteredMediaRouteProvider$ReceiveHandler
android.support.v7.media.RegisteredMediaRouteProviderWatcher
android.support.v7.media.RegisteredMediaRouteProviderWatcher$1
android.support.v7.media.RegisteredMediaRouteProviderWatcher$2